---------------------------------------------------------------
[ 2018-04-16T18:39:47+08:00 ] 127.0.0.1 GET /
[ error ] [1]Class 'app\index\controller\controller' not found
---------------------------------------------------------------
[ 2018-04-16T18:39:47+08:00 ] 127.0.0.1 GET /favicon.ico
[ error ] [1]Class 'app\index\controller\controller' not found
---------------------------------------------------------------
[ 2018-04-16T18:40:05+08:00 ] 127.0.0.1 GET /
[ info ] tp5study.kaixinwan.com/ [运行时间：0.022001s][吞吐率：45.45req/s] [内存消耗：1,078.00kb] [文件加载：40]
[ info ] [ LANG ] F:\testStudy\tp5\thinkphp\lang\zh-cn.php
[ info ] [ ROUTE ] array (
  'type' => 'module',
  'module' => 
  array (
    0 => '',
    1 => NULL,
    2 => NULL,
  ),
)
[ info ] [ HEADER ] array (
  'cookie' => 'UM_distinctid=162a2e66bc678f-0b8bd2f75fc157-3f3c5501-1fa400-162a2e66bc73ab; checkvode=BgcQHQ; kxwan=WU4dGBEDEQVOHQNQXgYUCl1eQFgLCk1OAAwBClheBFlMQghKWwdRXlIL; pgv_pvi=9703352320; pgv_si=s5388647424',
  'accept-language' => 'zh-CN,zh;q=0.9',
  'accept-encoding' => 'gzip, deflate',
  'accept' => 'text/html,application/xhtml+xml,application/xml;q=0.9,image/webp,image/apng,*/*;q=0.8',
  'user-agent' => 'Mozilla/5.0 (Windows NT 6.1; Win64; x64) AppleWebKit/537.36 (KHTML, like Gecko) Chrome/65.0.3325.181 Safari/537.36',
  'upgrade-insecure-requests' => '1',
  'cache-control' => 'max-age=0',
  'connection' => 'keep-alive',
  'host' => 'tp5study.kaixinwan.com',
  'content-length' => '',
  'content-type' => '',
)
[ info ] [ PARAM ] array (
)
[ info ] [ LOG ] INIT File
[ error ] [1]Class 'app\index\controller\controller' not found[F:\testStudy\tp5\application\index\controller\Index.php:5]
---------------------------------------------------------------
[ 2018-04-16T18:40:05+08:00 ] 127.0.0.1 GET /favicon.ico
[ info ] tp5study.kaixinwan.com/favicon.ico [运行时间：0.019001s][吞吐率：52.63req/s] [内存消耗：1,078.37kb] [文件加载：40]
[ info ] [ LANG ] F:\testStudy\tp5\thinkphp\lang\zh-cn.php
[ info ] [ ROUTE ] array (
  'type' => 'module',
  'module' => 
  array (
    0 => '',
    1 => NULL,
    2 => NULL,
  ),
)
[ info ] [ HEADER ] array (
  'cookie' => 'UM_distinctid=162a2e66bc678f-0b8bd2f75fc157-3f3c5501-1fa400-162a2e66bc73ab; checkvode=BgcQHQ; kxwan=WU4dGBEDEQVOHQNQXgYUCl1eQFgLCk1OAAwBClheBFlMQghKWwdRXlIL; pgv_pvi=9703352320; pgv_si=s5388647424',
  'accept-language' => 'zh-CN,zh;q=0.9',
  'accept-encoding' => 'gzip, deflate',
  'referer' => 'http://tp5study.kaixinwan.com/',
  'accept' => 'image/webp,image/apng,image/*,*/*;q=0.8',
  'user-agent' => 'Mozilla/5.0 (Windows NT 6.1; Win64; x64) AppleWebKit/537.36 (KHTML, like Gecko) Chrome/65.0.3325.181 Safari/537.36',
  'cache-control' => 'no-cache',
  'pragma' => 'no-cache',
  'connection' => 'keep-alive',
  'host' => 'tp5study.kaixinwan.com',
  'content-length' => '',
  'content-type' => '',
)
[ info ] [ PARAM ] array (
  'favicon_ico' => '',
)
[ info ] [ LOG ] INIT File
[ error ] [1]Class 'app\index\controller\controller' not found[F:\testStudy\tp5\application\index\controller\Index.php:5]
---------------------------------------------------------------
[ 2018-04-16T18:41:48+08:00 ] 127.0.0.1 GET /
[ info ] tp5study.kaixinwan.com/ [运行时间：0.032002s][吞吐率：31.25req/s] [内存消耗：1,298.00kb] [文件加载：46]
[ info ] [ LANG ] F:\testStudy\tp5\thinkphp\lang\zh-cn.php
[ info ] [ ROUTE ] array (
  'type' => 'module',
  'module' => 
  array (
    0 => '',
    1 => NULL,
    2 => NULL,
  ),
)
[ info ] [ HEADER ] array (
  'cookie' => 'UM_distinctid=162a2e66bc678f-0b8bd2f75fc157-3f3c5501-1fa400-162a2e66bc73ab; checkvode=BgcQHQ; kxwan=WU4dGBEDEQVOHQNQXgYUCl1eQFgLCk1OAAwBClheBFlMQghKWwdRXlIL; pgv_pvi=9703352320; pgv_si=s5388647424',
  'accept-language' => 'zh-CN,zh;q=0.9',
  'accept-encoding' => 'gzip, deflate',
  'accept' => 'text/html,application/xhtml+xml,application/xml;q=0.9,image/webp,image/apng,*/*;q=0.8',
  'user-agent' => 'Mozilla/5.0 (Windows NT 6.1; Win64; x64) AppleWebKit/537.36 (KHTML, like Gecko) Chrome/65.0.3325.181 Safari/537.36',
  'upgrade-insecure-requests' => '1',
  'cache-control' => 'max-age=0',
  'connection' => 'keep-alive',
  'host' => 'tp5study.kaixinwan.com',
  'content-length' => '',
  'content-type' => '',
)
[ info ] [ PARAM ] array (
)
[ info ] [ RUN ] app\index\controller\Index->index[ F:\testStudy\tp5\application\index\controller\Index.php ]
[ info ] [ LOG ] INIT File
[ error ] [1]Call to undefined function app\index\controller\M()[F:\testStudy\tp5\application\index\controller\Index.php:9]
---------------------------------------------------------------
[ 2018-04-16T18:41:48+08:00 ] 127.0.0.1 GET /favicon.ico
[ info ] tp5study.kaixinwan.com/favicon.ico [运行时间：0.024002s][吞吐率：41.66req/s] [内存消耗：1,298.33kb] [文件加载：46]
[ info ] [ LANG ] F:\testStudy\tp5\thinkphp\lang\zh-cn.php
[ info ] [ ROUTE ] array (
  'type' => 'module',
  'module' => 
  array (
    0 => '',
    1 => NULL,
    2 => NULL,
  ),
)
[ info ] [ HEADER ] array (
  'cookie' => 'UM_distinctid=162a2e66bc678f-0b8bd2f75fc157-3f3c5501-1fa400-162a2e66bc73ab; checkvode=BgcQHQ; kxwan=WU4dGBEDEQVOHQNQXgYUCl1eQFgLCk1OAAwBClheBFlMQghKWwdRXlIL; pgv_pvi=9703352320; pgv_si=s5388647424',
  'accept-language' => 'zh-CN,zh;q=0.9',
  'accept-encoding' => 'gzip, deflate',
  'referer' => 'http://tp5study.kaixinwan.com/',
  'accept' => 'image/webp,image/apng,image/*,*/*;q=0.8',
  'user-agent' => 'Mozilla/5.0 (Windows NT 6.1; Win64; x64) AppleWebKit/537.36 (KHTML, like Gecko) Chrome/65.0.3325.181 Safari/537.36',
  'cache-control' => 'no-cache',
  'pragma' => 'no-cache',
  'connection' => 'keep-alive',
  'host' => 'tp5study.kaixinwan.com',
  'content-length' => '',
  'content-type' => '',
)
[ info ] [ PARAM ] array (
  'favicon_ico' => '',
)
[ info ] [ RUN ] app\index\controller\Index->index[ F:\testStudy\tp5\application\index\controller\Index.php ]
[ info ] [ LOG ] INIT File
[ error ] [1]Call to undefined function app\index\controller\M()[F:\testStudy\tp5\application\index\controller\Index.php:9]
---------------------------------------------------------------
[ 2018-04-16T18:42:04+08:00 ] 127.0.0.1 GET /
[ info ] tp5study.kaixinwan.com/ [运行时间：0.022002s][吞吐率：45.45req/s] [内存消耗：1,287.29kb] [文件加载：45]
[ info ] [ LANG ] F:\testStudy\tp5\thinkphp\lang\zh-cn.php
[ info ] [ ROUTE ] array (
  'type' => 'module',
  'module' => 
  array (
    0 => '',
    1 => NULL,
    2 => NULL,
  ),
)
[ info ] [ HEADER ] array (
  'cookie' => 'UM_distinctid=162a2e66bc678f-0b8bd2f75fc157-3f3c5501-1fa400-162a2e66bc73ab; checkvode=BgcQHQ; kxwan=WU4dGBEDEQVOHQNQXgYUCl1eQFgLCk1OAAwBClheBFlMQghKWwdRXlIL; pgv_pvi=9703352320; pgv_si=s5388647424',
  'accept-language' => 'zh-CN,zh;q=0.9',
  'accept-encoding' => 'gzip, deflate',
  'accept' => 'text/html,application/xhtml+xml,application/xml;q=0.9,image/webp,image/apng,*/*;q=0.8',
  'user-agent' => 'Mozilla/5.0 (Windows NT 6.1; Win64; x64) AppleWebKit/537.36 (KHTML, like Gecko) Chrome/65.0.3325.181 Safari/537.36',
  'upgrade-insecure-requests' => '1',
  'cache-control' => 'max-age=0',
  'connection' => 'keep-alive',
  'host' => 'tp5study.kaixinwan.com',
  'content-length' => '',
  'content-type' => '',
)
[ info ] [ PARAM ] array (
)
[ info ] [ RUN ] app\index\controller\Index->index[ F:\testStudy\tp5\application\index\controller\Index.php ]
[ info ] [ LOG ] INIT File
[ error ] [0]类不存在:app\common\model\User[F:\testStudy\tp5\thinkphp\library\think\Loader.php:460]
---------------------------------------------------------------
[ 2018-04-16T18:42:05+08:00 ] 127.0.0.1 GET /favicon.ico
[ info ] tp5study.kaixinwan.com/favicon.ico [运行时间：0.025001s][吞吐率：40.00req/s] [内存消耗：1,287.61kb] [文件加载：45]
[ info ] [ LANG ] F:\testStudy\tp5\thinkphp\lang\zh-cn.php
[ info ] [ ROUTE ] array (
  'type' => 'module',
  'module' => 
  array (
    0 => '',
    1 => NULL,
    2 => NULL,
  ),
)
[ info ] [ HEADER ] array (
  'cookie' => 'UM_distinctid=162a2e66bc678f-0b8bd2f75fc157-3f3c5501-1fa400-162a2e66bc73ab; checkvode=BgcQHQ; kxwan=WU4dGBEDEQVOHQNQXgYUCl1eQFgLCk1OAAwBClheBFlMQghKWwdRXlIL; pgv_pvi=9703352320; pgv_si=s5388647424',
  'accept-language' => 'zh-CN,zh;q=0.9',
  'accept-encoding' => 'gzip, deflate',
  'referer' => 'http://tp5study.kaixinwan.com/',
  'accept' => 'image/webp,image/apng,image/*,*/*;q=0.8',
  'user-agent' => 'Mozilla/5.0 (Windows NT 6.1; Win64; x64) AppleWebKit/537.36 (KHTML, like Gecko) Chrome/65.0.3325.181 Safari/537.36',
  'cache-control' => 'no-cache',
  'pragma' => 'no-cache',
  'connection' => 'keep-alive',
  'host' => 'tp5study.kaixinwan.com',
  'content-length' => '',
  'content-type' => '',
)
[ info ] [ PARAM ] array (
  'favicon_ico' => '',
)
[ info ] [ RUN ] app\index\controller\Index->index[ F:\testStudy\tp5\application\index\controller\Index.php ]
[ info ] [ LOG ] INIT File
[ error ] [0]类不存在:app\common\model\User[F:\testStudy\tp5\thinkphp\library\think\Loader.php:460]
---------------------------------------------------------------
[ 2018-04-16T18:44:27+08:00 ] 127.0.0.1 GET /
[ info ] tp5study.kaixinwan.com/ [运行时间：0.026001s][吞吐率：38.46req/s] [内存消耗：1,298.14kb] [文件加载：46]
[ info ] [ LANG ] F:\testStudy\tp5\thinkphp\lang\zh-cn.php
[ info ] [ ROUTE ] array (
  'type' => 'module',
  'module' => 
  array (
    0 => '',
    1 => NULL,
    2 => NULL,
  ),
)
[ info ] [ HEADER ] array (
  'cookie' => 'UM_distinctid=162a2e66bc678f-0b8bd2f75fc157-3f3c5501-1fa400-162a2e66bc73ab; checkvode=BgcQHQ; kxwan=WU4dGBEDEQVOHQNQXgYUCl1eQFgLCk1OAAwBClheBFlMQghKWwdRXlIL; pgv_pvi=9703352320; pgv_si=s5388647424',
  'accept-language' => 'zh-CN,zh;q=0.9',
  'accept-encoding' => 'gzip, deflate',
  'accept' => 'text/html,application/xhtml+xml,application/xml;q=0.9,image/webp,image/apng,*/*;q=0.8',
  'user-agent' => 'Mozilla/5.0 (Windows NT 6.1; Win64; x64) AppleWebKit/537.36 (KHTML, like Gecko) Chrome/65.0.3325.181 Safari/537.36',
  'upgrade-insecure-requests' => '1',
  'cache-control' => 'max-age=0',
  'connection' => 'keep-alive',
  'host' => 'tp5study.kaixinwan.com',
  'content-length' => '',
  'content-type' => '',
)
[ info ] [ PARAM ] array (
)
[ info ] [ RUN ] app\index\controller\Index->index[ F:\testStudy\tp5\application\index\controller\Index.php ]
[ info ] [ LOG ] INIT File
[ error ] [1]Class 'app\index\controller\Db' not found[F:\testStudy\tp5\application\index\controller\Index.php:9]
---------------------------------------------------------------
[ 2018-04-16T18:44:27+08:00 ] 127.0.0.1 GET /favicon.ico
[ info ] tp5study.kaixinwan.com/favicon.ico [运行时间：0.024001s][吞吐率：41.67req/s] [内存消耗：1,298.55kb] [文件加载：46]
[ info ] [ LANG ] F:\testStudy\tp5\thinkphp\lang\zh-cn.php
[ info ] [ ROUTE ] array (
  'type' => 'module',
  'module' => 
  array (
    0 => '',
    1 => NULL,
    2 => NULL,
  ),
)
[ info ] [ HEADER ] array (
  'cookie' => 'UM_distinctid=162a2e66bc678f-0b8bd2f75fc157-3f3c5501-1fa400-162a2e66bc73ab; checkvode=BgcQHQ; kxwan=WU4dGBEDEQVOHQNQXgYUCl1eQFgLCk1OAAwBClheBFlMQghKWwdRXlIL; pgv_pvi=9703352320; pgv_si=s5388647424',
  'accept-language' => 'zh-CN,zh;q=0.9',
  'accept-encoding' => 'gzip, deflate',
  'referer' => 'http://tp5study.kaixinwan.com/',
  'accept' => 'image/webp,image/apng,image/*,*/*;q=0.8',
  'user-agent' => 'Mozilla/5.0 (Windows NT 6.1; Win64; x64) AppleWebKit/537.36 (KHTML, like Gecko) Chrome/65.0.3325.181 Safari/537.36',
  'cache-control' => 'no-cache',
  'pragma' => 'no-cache',
  'connection' => 'keep-alive',
  'host' => 'tp5study.kaixinwan.com',
  'content-length' => '',
  'content-type' => '',
)
[ info ] [ PARAM ] array (
  'favicon_ico' => '',
)
[ info ] [ RUN ] app\index\controller\Index->index[ F:\testStudy\tp5\application\index\controller\Index.php ]
[ info ] [ LOG ] INIT File
[ error ] [1]Class 'app\index\controller\Db' not found[F:\testStudy\tp5\application\index\controller\Index.php:9]
---------------------------------------------------------------
[ 2018-04-16T18:44:55+08:00 ] 127.0.0.1 GET /
[ info ] tp5study.kaixinwan.com/ [运行时间：0.023001s][吞吐率：43.48req/s] [内存消耗：1,298.04kb] [文件加载：46]
[ info ] [ LANG ] F:\testStudy\tp5\thinkphp\lang\zh-cn.php
[ info ] [ ROUTE ] array (
  'type' => 'module',
  'module' => 
  array (
    0 => '',
    1 => NULL,
    2 => NULL,
  ),
)
[ info ] [ HEADER ] array (
  'cookie' => 'UM_distinctid=162a2e66bc678f-0b8bd2f75fc157-3f3c5501-1fa400-162a2e66bc73ab; checkvode=BgcQHQ; kxwan=WU4dGBEDEQVOHQNQXgYUCl1eQFgLCk1OAAwBClheBFlMQghKWwdRXlIL; pgv_pvi=9703352320; pgv_si=s5388647424',
  'accept-language' => 'zh-CN,zh;q=0.9',
  'accept-encoding' => 'gzip, deflate',
  'accept' => 'text/html,application/xhtml+xml,application/xml;q=0.9,image/webp,image/apng,*/*;q=0.8',
  'user-agent' => 'Mozilla/5.0 (Windows NT 6.1; Win64; x64) AppleWebKit/537.36 (KHTML, like Gecko) Chrome/65.0.3325.181 Safari/537.36',
  'upgrade-insecure-requests' => '1',
  'cache-control' => 'max-age=0',
  'connection' => 'keep-alive',
  'host' => 'tp5study.kaixinwan.com',
  'content-length' => '',
  'content-type' => '',
)
[ info ] [ PARAM ] array (
)
[ info ] [ RUN ] app\index\controller\Index->index[ F:\testStudy\tp5\application\index\controller\Index.php ]
[ info ] [ LOG ] INIT File
[ error ] [1]Class 'db' not found[F:\testStudy\tp5\application\index\controller\Index.php:9]
---------------------------------------------------------------
[ 2018-04-16T18:44:55+08:00 ] 127.0.0.1 GET /favicon.ico
[ info ] tp5study.kaixinwan.com/favicon.ico [运行时间：0.023002s][吞吐率：43.47req/s] [内存消耗：1,298.44kb] [文件加载：46]
[ info ] [ LANG ] F:\testStudy\tp5\thinkphp\lang\zh-cn.php
[ info ] [ ROUTE ] array (
  'type' => 'module',
  'module' => 
  array (
    0 => '',
    1 => NULL,
    2 => NULL,
  ),
)
[ info ] [ HEADER ] array (
  'cookie' => 'UM_distinctid=162a2e66bc678f-0b8bd2f75fc157-3f3c5501-1fa400-162a2e66bc73ab; checkvode=BgcQHQ; kxwan=WU4dGBEDEQVOHQNQXgYUCl1eQFgLCk1OAAwBClheBFlMQghKWwdRXlIL; pgv_pvi=9703352320; pgv_si=s5388647424',
  'accept-language' => 'zh-CN,zh;q=0.9',
  'accept-encoding' => 'gzip, deflate',
  'referer' => 'http://tp5study.kaixinwan.com/',
  'accept' => 'image/webp,image/apng,image/*,*/*;q=0.8',
  'user-agent' => 'Mozilla/5.0 (Windows NT 6.1; Win64; x64) AppleWebKit/537.36 (KHTML, like Gecko) Chrome/65.0.3325.181 Safari/537.36',
  'cache-control' => 'no-cache',
  'pragma' => 'no-cache',
  'connection' => 'keep-alive',
  'host' => 'tp5study.kaixinwan.com',
  'content-length' => '',
  'content-type' => '',
)
[ info ] [ PARAM ] array (
  'favicon_ico' => '',
)
[ info ] [ RUN ] app\index\controller\Index->index[ F:\testStudy\tp5\application\index\controller\Index.php ]
[ info ] [ LOG ] INIT File
[ error ] [1]Class 'db' not found[F:\testStudy\tp5\application\index\controller\Index.php:9]
---------------------------------------------------------------
[ 2018-04-16T18:47:14+08:00 ] 127.0.0.1 GET /
[ info ] tp5study.kaixinwan.com/ [运行时间：0.037002s][吞吐率：27.03req/s] [内存消耗：1,294.45kb] [文件加载：46]
[ info ] [ LANG ] F:\testStudy\tp5\thinkphp\lang\zh-cn.php
[ info ] [ ROUTE ] array (
  'type' => 'module',
  'module' => 
  array (
    0 => '',
    1 => NULL,
    2 => NULL,
  ),
)
[ info ] [ HEADER ] array (
  'cookie' => 'UM_distinctid=162a2e66bc678f-0b8bd2f75fc157-3f3c5501-1fa400-162a2e66bc73ab; checkvode=BgcQHQ; kxwan=WU4dGBEDEQVOHQNQXgYUCl1eQFgLCk1OAAwBClheBFlMQghKWwdRXlIL; pgv_pvi=9703352320; pgv_si=s5388647424',
  'accept-language' => 'zh-CN,zh;q=0.9',
  'accept-encoding' => 'gzip, deflate',
  'accept' => 'text/html,application/xhtml+xml,application/xml;q=0.9,image/webp,image/apng,*/*;q=0.8',
  'user-agent' => 'Mozilla/5.0 (Windows NT 6.1; Win64; x64) AppleWebKit/537.36 (KHTML, like Gecko) Chrome/65.0.3325.181 Safari/537.36',
  'upgrade-insecure-requests' => '1',
  'cache-control' => 'max-age=0',
  'connection' => 'keep-alive',
  'host' => 'tp5study.kaixinwan.com',
  'content-length' => '',
  'content-type' => '',
)
[ info ] [ PARAM ] array (
)
[ info ] [ RUN ] app\index\controller\Index->index[ F:\testStudy\tp5\application\index\controller\Index.php ]
[ info ] [ LOG ] INIT File
[ error ] [8]未定义变量: list[F:\testStudy\tp5\application\index\controller\Index.php:11]
---------------------------------------------------------------
[ 2018-04-16T18:47:14+08:00 ] 127.0.0.1 GET /favicon.ico
[ info ] tp5study.kaixinwan.com/favicon.ico [运行时间：0.023001s][吞吐率：43.48req/s] [内存消耗：1,294.76kb] [文件加载：46]
[ info ] [ LANG ] F:\testStudy\tp5\thinkphp\lang\zh-cn.php
[ info ] [ ROUTE ] array (
  'type' => 'module',
  'module' => 
  array (
    0 => '',
    1 => NULL,
    2 => NULL,
  ),
)
[ info ] [ HEADER ] array (
  'cookie' => 'UM_distinctid=162a2e66bc678f-0b8bd2f75fc157-3f3c5501-1fa400-162a2e66bc73ab; checkvode=BgcQHQ; kxwan=WU4dGBEDEQVOHQNQXgYUCl1eQFgLCk1OAAwBClheBFlMQghKWwdRXlIL; pgv_pvi=9703352320; pgv_si=s5388647424',
  'accept-language' => 'zh-CN,zh;q=0.9',
  'accept-encoding' => 'gzip, deflate',
  'referer' => 'http://tp5study.kaixinwan.com/',
  'accept' => 'image/webp,image/apng,image/*,*/*;q=0.8',
  'user-agent' => 'Mozilla/5.0 (Windows NT 6.1; Win64; x64) AppleWebKit/537.36 (KHTML, like Gecko) Chrome/65.0.3325.181 Safari/537.36',
  'cache-control' => 'no-cache',
  'pragma' => 'no-cache',
  'connection' => 'keep-alive',
  'host' => 'tp5study.kaixinwan.com',
  'content-length' => '',
  'content-type' => '',
)
[ info ] [ PARAM ] array (
  'favicon_ico' => '',
)
[ info ] [ RUN ] app\index\controller\Index->index[ F:\testStudy\tp5\application\index\controller\Index.php ]
[ info ] [ LOG ] INIT File
[ error ] [8]未定义变量: list[F:\testStudy\tp5\application\index\controller\Index.php:11]
---------------------------------------------------------------
[ 2018-04-16T18:47:19+08:00 ] 127.0.0.1 GET /
[ info ] tp5study.kaixinwan.com/ [运行时间：0.045002s][吞吐率：22.22req/s] [内存消耗：1,410.45kb] [文件加载：49]
[ info ] [ LANG ] F:\testStudy\tp5\thinkphp\lang\zh-cn.php
[ info ] [ ROUTE ] array (
  'type' => 'module',
  'module' => 
  array (
    0 => '',
    1 => NULL,
    2 => NULL,
  ),
)
[ info ] [ HEADER ] array (
  'cookie' => 'UM_distinctid=162a2e66bc678f-0b8bd2f75fc157-3f3c5501-1fa400-162a2e66bc73ab; checkvode=BgcQHQ; kxwan=WU4dGBEDEQVOHQNQXgYUCl1eQFgLCk1OAAwBClheBFlMQghKWwdRXlIL; pgv_pvi=9703352320; pgv_si=s5388647424',
  'accept-language' => 'zh-CN,zh;q=0.9',
  'accept-encoding' => 'gzip, deflate',
  'accept' => 'text/html,application/xhtml+xml,application/xml;q=0.9,image/webp,image/apng,*/*;q=0.8',
  'user-agent' => 'Mozilla/5.0 (Windows NT 6.1; Win64; x64) AppleWebKit/537.36 (KHTML, like Gecko) Chrome/65.0.3325.181 Safari/537.36',
  'upgrade-insecure-requests' => '1',
  'cache-control' => 'max-age=0',
  'connection' => 'keep-alive',
  'host' => 'tp5study.kaixinwan.com',
  'content-length' => '',
  'content-type' => '',
)
[ info ] [ PARAM ] array (
)
[ info ] [ RUN ] app\index\controller\Index->index[ F:\testStudy\tp5\application\index\controller\Index.php ]
[ info ] [ VIEW ] F:\testStudy\tp5\public/../application/index\view\index\index.html [ array (
) ]
[ info ] [ LOG ] INIT File
[ error ] [8]未定义变量: list[F:\testStudy\tp5\runtime\temp\3489a72ef7185ae6e6f3daee76c52039.php:9]
---------------------------------------------------------------
[ 2018-04-16T18:47:19+08:00 ] 127.0.0.1 GET /favicon.ico
[ info ] tp5study.kaixinwan.com/favicon.ico [运行时间：0.024001s][吞吐率：41.66req/s] [内存消耗：1,297.13kb] [文件加载：47]
[ info ] [ LANG ] F:\testStudy\tp5\thinkphp\lang\zh-cn.php
[ info ] [ ROUTE ] array (
  'type' => 'module',
  'module' => 
  array (
    0 => '',
    1 => NULL,
    2 => NULL,
  ),
)
[ info ] [ HEADER ] array (
  'cookie' => 'UM_distinctid=162a2e66bc678f-0b8bd2f75fc157-3f3c5501-1fa400-162a2e66bc73ab; checkvode=BgcQHQ; kxwan=WU4dGBEDEQVOHQNQXgYUCl1eQFgLCk1OAAwBClheBFlMQghKWwdRXlIL; pgv_pvi=9703352320; pgv_si=s5388647424',
  'accept-language' => 'zh-CN,zh;q=0.9',
  'accept-encoding' => 'gzip, deflate',
  'referer' => 'http://tp5study.kaixinwan.com/',
  'accept' => 'image/webp,image/apng,image/*,*/*;q=0.8',
  'user-agent' => 'Mozilla/5.0 (Windows NT 6.1; Win64; x64) AppleWebKit/537.36 (KHTML, like Gecko) Chrome/65.0.3325.181 Safari/537.36',
  'cache-control' => 'no-cache',
  'pragma' => 'no-cache',
  'connection' => 'keep-alive',
  'host' => 'tp5study.kaixinwan.com',
  'content-length' => '',
  'content-type' => '',
)
[ info ] [ PARAM ] array (
  'favicon_ico' => '',
)
[ info ] [ RUN ] app\index\controller\Index->index[ F:\testStudy\tp5\application\index\controller\Index.php ]
[ info ] [ VIEW ] F:\testStudy\tp5\public/../application/index\view\index\index.html [ array (
) ]
[ info ] [ LOG ] INIT File
[ error ] [8]未定义变量: list[F:\testStudy\tp5\runtime\temp\3489a72ef7185ae6e6f3daee76c52039.php:9]
---------------------------------------------------------------
[ 2018-04-16T18:47:25+08:00 ] 127.0.0.1 GET /
[ info ] tp5study.kaixinwan.com/ [运行时间：0.031001s][吞吐率：32.26req/s] [内存消耗：1,296.75kb] [文件加载：47]
[ info ] [ LANG ] F:\testStudy\tp5\thinkphp\lang\zh-cn.php
[ info ] [ ROUTE ] array (
  'type' => 'module',
  'module' => 
  array (
    0 => '',
    1 => NULL,
    2 => NULL,
  ),
)
[ info ] [ HEADER ] array (
  'cookie' => 'UM_distinctid=162a2e66bc678f-0b8bd2f75fc157-3f3c5501-1fa400-162a2e66bc73ab; checkvode=BgcQHQ; kxwan=WU4dGBEDEQVOHQNQXgYUCl1eQFgLCk1OAAwBClheBFlMQghKWwdRXlIL; pgv_pvi=9703352320; pgv_si=s5388647424',
  'accept-language' => 'zh-CN,zh;q=0.9',
  'accept-encoding' => 'gzip, deflate',
  'accept' => 'text/html,application/xhtml+xml,application/xml;q=0.9,image/webp,image/apng,*/*;q=0.8',
  'user-agent' => 'Mozilla/5.0 (Windows NT 6.1; Win64; x64) AppleWebKit/537.36 (KHTML, like Gecko) Chrome/65.0.3325.181 Safari/537.36',
  'upgrade-insecure-requests' => '1',
  'cache-control' => 'max-age=0',
  'connection' => 'keep-alive',
  'host' => 'tp5study.kaixinwan.com',
  'content-length' => '',
  'content-type' => '',
)
[ info ] [ PARAM ] array (
)
[ info ] [ RUN ] app\index\controller\Index->index[ F:\testStudy\tp5\application\index\controller\Index.php ]
[ info ] [ VIEW ] F:\testStudy\tp5\public/../application/index\view\index\index.html [ array (
) ]
[ info ] [ LOG ] INIT File
[ error ] [8]未定义变量: list[F:\testStudy\tp5\runtime\temp\3489a72ef7185ae6e6f3daee76c52039.php:9]
---------------------------------------------------------------
[ 2018-04-16T18:47:25+08:00 ] 127.0.0.1 GET /favicon.ico
[ info ] tp5study.kaixinwan.com/favicon.ico [运行时间：0.024002s][吞吐率：41.66req/s] [内存消耗：1,297.13kb] [文件加载：47]
[ info ] [ LANG ] F:\testStudy\tp5\thinkphp\lang\zh-cn.php
[ info ] [ ROUTE ] array (
  'type' => 'module',
  'module' => 
  array (
    0 => '',
    1 => NULL,
    2 => NULL,
  ),
)
[ info ] [ HEADER ] array (
  'cookie' => 'UM_distinctid=162a2e66bc678f-0b8bd2f75fc157-3f3c5501-1fa400-162a2e66bc73ab; checkvode=BgcQHQ; kxwan=WU4dGBEDEQVOHQNQXgYUCl1eQFgLCk1OAAwBClheBFlMQghKWwdRXlIL; pgv_pvi=9703352320; pgv_si=s5388647424',
  'accept-language' => 'zh-CN,zh;q=0.9',
  'accept-encoding' => 'gzip, deflate',
  'referer' => 'http://tp5study.kaixinwan.com/',
  'accept' => 'image/webp,image/apng,image/*,*/*;q=0.8',
  'user-agent' => 'Mozilla/5.0 (Windows NT 6.1; Win64; x64) AppleWebKit/537.36 (KHTML, like Gecko) Chrome/65.0.3325.181 Safari/537.36',
  'cache-control' => 'no-cache',
  'pragma' => 'no-cache',
  'connection' => 'keep-alive',
  'host' => 'tp5study.kaixinwan.com',
  'content-length' => '',
  'content-type' => '',
)
[ info ] [ PARAM ] array (
  'favicon_ico' => '',
)
[ info ] [ RUN ] app\index\controller\Index->index[ F:\testStudy\tp5\application\index\controller\Index.php ]
[ info ] [ VIEW ] F:\testStudy\tp5\public/../application/index\view\index\index.html [ array (
) ]
[ info ] [ LOG ] INIT File
[ error ] [8]未定义变量: list[F:\testStudy\tp5\runtime\temp\3489a72ef7185ae6e6f3daee76c52039.php:9]
---------------------------------------------------------------
[ 2018-04-16T18:47:41+08:00 ] 127.0.0.1 GET /
[ info ] tp5study.kaixinwan.com/ [运行时间：0.037002s][吞吐率：27.03req/s] [内存消耗：1,410.54kb] [文件加载：49]
[ info ] [ LANG ] F:\testStudy\tp5\thinkphp\lang\zh-cn.php
[ info ] [ ROUTE ] array (
  'type' => 'module',
  'module' => 
  array (
    0 => '',
    1 => NULL,
    2 => NULL,
  ),
)
[ info ] [ HEADER ] array (
  'cookie' => 'UM_distinctid=162a2e66bc678f-0b8bd2f75fc157-3f3c5501-1fa400-162a2e66bc73ab; checkvode=BgcQHQ; kxwan=WU4dGBEDEQVOHQNQXgYUCl1eQFgLCk1OAAwBClheBFlMQghKWwdRXlIL; pgv_pvi=9703352320; pgv_si=s5388647424',
  'accept-language' => 'zh-CN,zh;q=0.9',
  'accept-encoding' => 'gzip, deflate',
  'accept' => 'text/html,application/xhtml+xml,application/xml;q=0.9,image/webp,image/apng,*/*;q=0.8',
  'user-agent' => 'Mozilla/5.0 (Windows NT 6.1; Win64; x64) AppleWebKit/537.36 (KHTML, like Gecko) Chrome/65.0.3325.181 Safari/537.36',
  'upgrade-insecure-requests' => '1',
  'cache-control' => 'max-age=0',
  'connection' => 'keep-alive',
  'host' => 'tp5study.kaixinwan.com',
  'content-length' => '',
  'content-type' => '',
)
[ info ] [ PARAM ] array (
)
[ info ] [ RUN ] app\index\controller\Index->index[ F:\testStudy\tp5\application\index\controller\Index.php ]
[ info ] [ VIEW ] F:\testStudy\tp5\public/../application/index\view\index\index.html [ array (
) ]
[ info ] [ LOG ] INIT File
[ error ] [8]未定义变量: list[F:\testStudy\tp5\runtime\temp\3489a72ef7185ae6e6f3daee76c52039.php:9]
---------------------------------------------------------------
[ 2018-04-16T18:47:41+08:00 ] 127.0.0.1 GET /favicon.ico
[ info ] tp5study.kaixinwan.com/favicon.ico [运行时间：0.022001s][吞吐率：45.45req/s] [内存消耗：1,297.15kb] [文件加载：47]
[ info ] [ LANG ] F:\testStudy\tp5\thinkphp\lang\zh-cn.php
[ info ] [ ROUTE ] array (
  'type' => 'module',
  'module' => 
  array (
    0 => '',
    1 => NULL,
    2 => NULL,
  ),
)
[ info ] [ HEADER ] array (
  'cookie' => 'UM_distinctid=162a2e66bc678f-0b8bd2f75fc157-3f3c5501-1fa400-162a2e66bc73ab; checkvode=BgcQHQ; kxwan=WU4dGBEDEQVOHQNQXgYUCl1eQFgLCk1OAAwBClheBFlMQghKWwdRXlIL; pgv_pvi=9703352320; pgv_si=s5388647424',
  'accept-language' => 'zh-CN,zh;q=0.9',
  'accept-encoding' => 'gzip, deflate',
  'referer' => 'http://tp5study.kaixinwan.com/',
  'accept' => 'image/webp,image/apng,image/*,*/*;q=0.8',
  'user-agent' => 'Mozilla/5.0 (Windows NT 6.1; Win64; x64) AppleWebKit/537.36 (KHTML, like Gecko) Chrome/65.0.3325.181 Safari/537.36',
  'cache-control' => 'no-cache',
  'pragma' => 'no-cache',
  'connection' => 'keep-alive',
  'host' => 'tp5study.kaixinwan.com',
  'content-length' => '',
  'content-type' => '',
)
[ info ] [ PARAM ] array (
  'favicon_ico' => '',
)
[ info ] [ RUN ] app\index\controller\Index->index[ F:\testStudy\tp5\application\index\controller\Index.php ]
[ info ] [ VIEW ] F:\testStudy\tp5\public/../application/index\view\index\index.html [ array (
) ]
[ info ] [ LOG ] INIT File
[ error ] [8]未定义变量: list[F:\testStudy\tp5\runtime\temp\3489a72ef7185ae6e6f3daee76c52039.php:9]
---------------------------------------------------------------
[ 2018-04-16T18:47:44+08:00 ] 127.0.0.1 GET /
[ info ] tp5study.kaixinwan.com/ [运行时间：0.031002s][吞吐率：32.26req/s] [内存消耗：1,296.76kb] [文件加载：47]
[ info ] [ LANG ] F:\testStudy\tp5\thinkphp\lang\zh-cn.php
[ info ] [ ROUTE ] array (
  'type' => 'module',
  'module' => 
  array (
    0 => '',
    1 => NULL,
    2 => NULL,
  ),
)
[ info ] [ HEADER ] array (
  'cookie' => 'UM_distinctid=162a2e66bc678f-0b8bd2f75fc157-3f3c5501-1fa400-162a2e66bc73ab; checkvode=BgcQHQ; kxwan=WU4dGBEDEQVOHQNQXgYUCl1eQFgLCk1OAAwBClheBFlMQghKWwdRXlIL; pgv_pvi=9703352320; pgv_si=s5388647424',
  'accept-language' => 'zh-CN,zh;q=0.9',
  'accept-encoding' => 'gzip, deflate',
  'accept' => 'text/html,application/xhtml+xml,application/xml;q=0.9,image/webp,image/apng,*/*;q=0.8',
  'user-agent' => 'Mozilla/5.0 (Windows NT 6.1; Win64; x64) AppleWebKit/537.36 (KHTML, like Gecko) Chrome/65.0.3325.181 Safari/537.36',
  'upgrade-insecure-requests' => '1',
  'cache-control' => 'max-age=0',
  'connection' => 'keep-alive',
  'host' => 'tp5study.kaixinwan.com',
  'content-length' => '',
  'content-type' => '',
)
[ info ] [ PARAM ] array (
)
[ info ] [ RUN ] app\index\controller\Index->index[ F:\testStudy\tp5\application\index\controller\Index.php ]
[ info ] [ VIEW ] F:\testStudy\tp5\public/../application/index\view\index\index.html [ array (
) ]
[ info ] [ LOG ] INIT File
[ error ] [8]未定义变量: list[F:\testStudy\tp5\runtime\temp\3489a72ef7185ae6e6f3daee76c52039.php:9]
---------------------------------------------------------------
[ 2018-04-16T18:47:44+08:00 ] 127.0.0.1 GET /favicon.ico
[ info ] tp5study.kaixinwan.com/favicon.ico [运行时间：0.022002s][吞吐率：45.45req/s] [内存消耗：1,297.15kb] [文件加载：47]
[ info ] [ LANG ] F:\testStudy\tp5\thinkphp\lang\zh-cn.php
[ info ] [ ROUTE ] array (
  'type' => 'module',
  'module' => 
  array (
    0 => '',
    1 => NULL,
    2 => NULL,
  ),
)
[ info ] [ HEADER ] array (
  'cookie' => 'UM_distinctid=162a2e66bc678f-0b8bd2f75fc157-3f3c5501-1fa400-162a2e66bc73ab; checkvode=BgcQHQ; kxwan=WU4dGBEDEQVOHQNQXgYUCl1eQFgLCk1OAAwBClheBFlMQghKWwdRXlIL; pgv_pvi=9703352320; pgv_si=s5388647424',
  'accept-language' => 'zh-CN,zh;q=0.9',
  'accept-encoding' => 'gzip, deflate',
  'referer' => 'http://tp5study.kaixinwan.com/',
  'accept' => 'image/webp,image/apng,image/*,*/*;q=0.8',
  'user-agent' => 'Mozilla/5.0 (Windows NT 6.1; Win64; x64) AppleWebKit/537.36 (KHTML, like Gecko) Chrome/65.0.3325.181 Safari/537.36',
  'cache-control' => 'no-cache',
  'pragma' => 'no-cache',
  'connection' => 'keep-alive',
  'host' => 'tp5study.kaixinwan.com',
  'content-length' => '',
  'content-type' => '',
)
[ info ] [ PARAM ] array (
  'favicon_ico' => '',
)
[ info ] [ RUN ] app\index\controller\Index->index[ F:\testStudy\tp5\application\index\controller\Index.php ]
[ info ] [ VIEW ] F:\testStudy\tp5\public/../application/index\view\index\index.html [ array (
) ]
[ info ] [ LOG ] INIT File
[ error ] [8]未定义变量: list[F:\testStudy\tp5\runtime\temp\3489a72ef7185ae6e6f3daee76c52039.php:9]
---------------------------------------------------------------
[ 2018-04-16T18:47:51+08:00 ] 127.0.0.1 GET /
[ info ] tp5study.kaixinwan.com/ [运行时间：0.031002s][吞吐率：32.26req/s] [内存消耗：1,376.73kb] [文件加载：45]
[ info ] [ LANG ] F:\testStudy\tp5\thinkphp\lang\zh-cn.php
[ info ] [ ROUTE ] array (
  'type' => 'module',
  'module' => 
  array (
    0 => '',
    1 => NULL,
    2 => NULL,
  ),
)
[ info ] [ HEADER ] array (
  'cookie' => 'UM_distinctid=162a2e66bc678f-0b8bd2f75fc157-3f3c5501-1fa400-162a2e66bc73ab; checkvode=BgcQHQ; kxwan=WU4dGBEDEQVOHQNQXgYUCl1eQFgLCk1OAAwBClheBFlMQghKWwdRXlIL; pgv_pvi=9703352320; pgv_si=s5388647424',
  'accept-language' => 'zh-CN,zh;q=0.9',
  'accept-encoding' => 'gzip, deflate',
  'accept' => 'text/html,application/xhtml+xml,application/xml;q=0.9,image/webp,image/apng,*/*;q=0.8',
  'user-agent' => 'Mozilla/5.0 (Windows NT 6.1; Win64; x64) AppleWebKit/537.36 (KHTML, like Gecko) Chrome/65.0.3325.181 Safari/537.36',
  'upgrade-insecure-requests' => '1',
  'cache-control' => 'max-age=0',
  'connection' => 'keep-alive',
  'host' => 'tp5study.kaixinwan.com',
  'content-length' => '',
  'content-type' => '',
)
[ info ] [ PARAM ] array (
)
[ info ] [ RUN ] app\index\controller\Index->index[ F:\testStudy\tp5\application\index\controller\Index.php ]
[ info ] [ VIEW ] F:\testStudy\tp5\public/../application/index\view\index\index.html [ array (
) ]
[ info ] [ LOG ] INIT File
---------------------------------------------------------------
[ 2018-04-16T18:47:51+08:00 ] 127.0.0.1 GET /favicon.ico
[ info ] tp5study.kaixinwan.com/favicon.ico [运行时间：0.019001s][吞吐率：52.63req/s] [内存消耗：1,264.57kb] [文件加载：43]
[ info ] [ LANG ] F:\testStudy\tp5\thinkphp\lang\zh-cn.php
[ info ] [ ROUTE ] array (
  'type' => 'module',
  'module' => 
  array (
    0 => '',
    1 => NULL,
    2 => NULL,
  ),
)
[ info ] [ HEADER ] array (
  'cookie' => 'UM_distinctid=162a2e66bc678f-0b8bd2f75fc157-3f3c5501-1fa400-162a2e66bc73ab; checkvode=BgcQHQ; kxwan=WU4dGBEDEQVOHQNQXgYUCl1eQFgLCk1OAAwBClheBFlMQghKWwdRXlIL; pgv_pvi=9703352320; pgv_si=s5388647424',
  'accept-language' => 'zh-CN,zh;q=0.9',
  'accept-encoding' => 'gzip, deflate',
  'referer' => 'http://tp5study.kaixinwan.com/',
  'accept' => 'image/webp,image/apng,image/*,*/*;q=0.8',
  'user-agent' => 'Mozilla/5.0 (Windows NT 6.1; Win64; x64) AppleWebKit/537.36 (KHTML, like Gecko) Chrome/65.0.3325.181 Safari/537.36',
  'cache-control' => 'no-cache',
  'pragma' => 'no-cache',
  'connection' => 'keep-alive',
  'host' => 'tp5study.kaixinwan.com',
  'content-length' => '',
  'content-type' => '',
)
[ info ] [ PARAM ] array (
  'favicon_ico' => '',
)
[ info ] [ RUN ] app\index\controller\Index->index[ F:\testStudy\tp5\application\index\controller\Index.php ]
[ info ] [ VIEW ] F:\testStudy\tp5\public/../application/index\view\index\index.html [ array (
) ]
[ info ] [ LOG ] INIT File
---------------------------------------------------------------
[ 2018-04-16T18:48:30+08:00 ] 127.0.0.1 GET /
[ info ] tp5study.kaixinwan.com/ [运行时间：0.023001s][吞吐率：43.48req/s] [内存消耗：1,376.82kb] [文件加载：45]
[ info ] [ LANG ] F:\testStudy\tp5\thinkphp\lang\zh-cn.php
[ info ] [ ROUTE ] array (
  'type' => 'module',
  'module' => 
  array (
    0 => '',
    1 => NULL,
    2 => NULL,
  ),
)
[ info ] [ HEADER ] array (
  'cookie' => 'UM_distinctid=162a2e66bc678f-0b8bd2f75fc157-3f3c5501-1fa400-162a2e66bc73ab; checkvode=BgcQHQ; kxwan=WU4dGBEDEQVOHQNQXgYUCl1eQFgLCk1OAAwBClheBFlMQghKWwdRXlIL; pgv_pvi=9703352320; pgv_si=s5388647424',
  'accept-language' => 'zh-CN,zh;q=0.9',
  'accept-encoding' => 'gzip, deflate',
  'accept' => 'text/html,application/xhtml+xml,application/xml;q=0.9,image/webp,image/apng,*/*;q=0.8',
  'user-agent' => 'Mozilla/5.0 (Windows NT 6.1; Win64; x64) AppleWebKit/537.36 (KHTML, like Gecko) Chrome/65.0.3325.181 Safari/537.36',
  'upgrade-insecure-requests' => '1',
  'cache-control' => 'max-age=0',
  'connection' => 'keep-alive',
  'host' => 'tp5study.kaixinwan.com',
  'content-length' => '',
  'content-type' => '',
)
[ info ] [ PARAM ] array (
)
[ info ] [ RUN ] app\index\controller\Index->index[ F:\testStudy\tp5\application\index\controller\Index.php ]
[ info ] [ VIEW ] F:\testStudy\tp5\public/../application/index\view\index\index.html [ array (
) ]
[ info ] [ LOG ] INIT File
---------------------------------------------------------------
[ 2018-04-16T18:48:30+08:00 ] 127.0.0.1 GET /favicon.ico
[ info ] tp5study.kaixinwan.com/favicon.ico [运行时间：0.020001s][吞吐率：50.00req/s] [内存消耗：1,264.59kb] [文件加载：43]
[ info ] [ LANG ] F:\testStudy\tp5\thinkphp\lang\zh-cn.php
[ info ] [ ROUTE ] array (
  'type' => 'module',
  'module' => 
  array (
    0 => '',
    1 => NULL,
    2 => NULL,
  ),
)
[ info ] [ HEADER ] array (
  'cookie' => 'UM_distinctid=162a2e66bc678f-0b8bd2f75fc157-3f3c5501-1fa400-162a2e66bc73ab; checkvode=BgcQHQ; kxwan=WU4dGBEDEQVOHQNQXgYUCl1eQFgLCk1OAAwBClheBFlMQghKWwdRXlIL; pgv_pvi=9703352320; pgv_si=s5388647424',
  'accept-language' => 'zh-CN,zh;q=0.9',
  'accept-encoding' => 'gzip, deflate',
  'referer' => 'http://tp5study.kaixinwan.com/',
  'accept' => 'image/webp,image/apng,image/*,*/*;q=0.8',
  'user-agent' => 'Mozilla/5.0 (Windows NT 6.1; Win64; x64) AppleWebKit/537.36 (KHTML, like Gecko) Chrome/65.0.3325.181 Safari/537.36',
  'cache-control' => 'no-cache',
  'pragma' => 'no-cache',
  'connection' => 'keep-alive',
  'host' => 'tp5study.kaixinwan.com',
  'content-length' => '',
  'content-type' => '',
)
[ info ] [ PARAM ] array (
  'favicon_ico' => '',
)
[ info ] [ RUN ] app\index\controller\Index->index[ F:\testStudy\tp5\application\index\controller\Index.php ]
[ info ] [ VIEW ] F:\testStudy\tp5\public/../application/index\view\index\index.html [ array (
) ]
[ info ] [ LOG ] INIT File
