---------------------------------------------------------------
[ 2018-04-18T09:15:10+08:00 ] 127.0.0.1 GET /
[ info ] tp5.com/ [运行时间：0.031001s][吞吐率：32.26req/s] [内存消耗：1,265.30kb] [文件加载：42]
[ info ] [ LANG ] F:\testStudy\tp5\thinkphp\lang\zh-cn.php
[ info ] [ ROUTE ] array (
  'type' => 'module',
  'module' => 
  array (
    0 => '',
    1 => NULL,
    2 => NULL,
  ),
)
[ info ] [ HEADER ] array (
  'accept-language' => 'zh-CN,zh;q=0.9',
  'accept-encoding' => 'gzip, deflate',
  'accept' => 'text/html,application/xhtml+xml,application/xml;q=0.9,image/webp,image/apng,*/*;q=0.8',
  'user-agent' => 'Mozilla/5.0 (Windows NT 6.1; Win64; x64) AppleWebKit/537.36 (KHTML, like Gecko) Chrome/65.0.3325.181 Safari/537.36',
  'upgrade-insecure-requests' => '1',
  'cache-control' => 'max-age=0',
  'connection' => 'keep-alive',
  'host' => 'tp5.com',
  'content-length' => '',
  'content-type' => '',
)
[ info ] [ PARAM ] array (
)
[ info ] [ RUN ] app\index\controller\Index->index[ F:\testStudy\tp5\application\index\controller\Index.php ]
[ info ] [ LOG ] INIT File
---------------------------------------------------------------
[ 2018-04-18T09:15:10+08:00 ] 127.0.0.1 GET /favicon.ico
[ info ] tp5.com/favicon.ico [运行时间：0.021001s][吞吐率：47.62req/s] [内存消耗：1,070.41kb] [文件加载：38]
[ info ] [ LANG ] F:\testStudy\tp5\thinkphp\lang\zh-cn.php
[ info ] [ ROUTE ] array (
  'type' => 'module',
  'module' => 
  array (
    0 => 'favicon.ico',
    1 => NULL,
    2 => NULL,
  ),
)
[ info ] [ HEADER ] array (
  'accept-language' => 'zh-CN,zh;q=0.9',
  'accept-encoding' => 'gzip, deflate',
  'referer' => 'http://tp5.com/',
  'accept' => 'image/webp,image/apng,image/*,*/*;q=0.8',
  'user-agent' => 'Mozilla/5.0 (Windows NT 6.1; Win64; x64) AppleWebKit/537.36 (KHTML, like Gecko) Chrome/65.0.3325.181 Safari/537.36',
  'cache-control' => 'no-cache',
  'pragma' => 'no-cache',
  'connection' => 'keep-alive',
  'host' => 'tp5.com',
  'content-length' => '',
  'content-type' => '',
)
[ info ] [ PARAM ] array (
  'favicon_ico' => '',
)
[ info ] [ LOG ] INIT File
---------------------------------------------------------------
[ 2018-04-18T09:15:13+08:00 ] 127.0.0.1 GET /
[ info ] tp5.com/ [运行时间：0.033001s][吞吐率：30.30req/s] [内存消耗：1,265.31kb] [文件加载：42]
[ info ] [ LANG ] F:\testStudy\tp5\thinkphp\lang\zh-cn.php
[ info ] [ ROUTE ] array (
  'type' => 'module',
  'module' => 
  array (
    0 => '',
    1 => NULL,
    2 => NULL,
  ),
)
[ info ] [ HEADER ] array (
  'accept-language' => 'zh-CN,zh;q=0.9',
  'accept-encoding' => 'gzip, deflate',
  'accept' => 'text/html,application/xhtml+xml,application/xml;q=0.9,image/webp,image/apng,*/*;q=0.8',
  'user-agent' => 'Mozilla/5.0 (Windows NT 6.1; Win64; x64) AppleWebKit/537.36 (KHTML, like Gecko) Chrome/65.0.3325.181 Safari/537.36',
  'upgrade-insecure-requests' => '1',
  'cache-control' => 'max-age=0',
  'connection' => 'keep-alive',
  'host' => 'tp5.com',
  'content-length' => '',
  'content-type' => '',
)
[ info ] [ PARAM ] array (
)
[ info ] [ RUN ] app\index\controller\Index->index[ F:\testStudy\tp5\application\index\controller\Index.php ]
[ info ] [ LOG ] INIT File
---------------------------------------------------------------
[ 2018-04-18T09:17:07+08:00 ] 127.0.0.1 GET /
[ info ] tp5.com/ [运行时间：0.070004s][吞吐率：14.28req/s] [内存消耗：1,088.75kb] [文件加载：39]
[ info ] [ LANG ] F:\testStudy\tp5\thinkphp\lang\zh-cn.php
[ info ] [ ROUTE ] array (
  'type' => 'module',
  'module' => 
  array (
    0 => '',
    1 => NULL,
    2 => NULL,
  ),
)
[ info ] [ HEADER ] array (
  'accept-language' => 'zh-CN,zh;q=0.9',
  'accept-encoding' => 'gzip, deflate',
  'accept' => 'text/html,application/xhtml+xml,application/xml;q=0.9,image/webp,image/apng,*/*;q=0.8',
  'user-agent' => 'Mozilla/5.0 (Windows NT 6.1; Win64; x64) AppleWebKit/537.36 (KHTML, like Gecko) Chrome/65.0.3325.181 Safari/537.36',
  'upgrade-insecure-requests' => '1',
  'cache-control' => 'max-age=0',
  'connection' => 'keep-alive',
  'host' => 'tp5.com',
  'content-length' => '',
  'content-type' => '',
)
[ info ] [ PARAM ] array (
)
[ info ] [ LOG ] INIT File
[ error ] [4]语法错误: unexpected 'return' (T_RETURN)[F:\testStudy\tp5\application\index\controller\Index.php:16]
---------------------------------------------------------------
[ 2018-04-18T09:17:32+08:00 ] 127.0.0.1 GET /
[ info ] tp5.com/ [运行时间：0.045003s][吞吐率：22.22req/s] [内存消耗：1,381.30kb] [文件加载：45]
[ info ] [ LANG ] F:\testStudy\tp5\thinkphp\lang\zh-cn.php
[ info ] [ ROUTE ] array (
  'type' => 'module',
  'module' => 
  array (
    0 => '',
    1 => NULL,
    2 => NULL,
  ),
)
[ info ] [ HEADER ] array (
  'accept-language' => 'zh-CN,zh;q=0.9',
  'accept-encoding' => 'gzip, deflate',
  'accept' => 'text/html,application/xhtml+xml,application/xml;q=0.9,image/webp,image/apng,*/*;q=0.8',
  'user-agent' => 'Mozilla/5.0 (Windows NT 6.1; Win64; x64) AppleWebKit/537.36 (KHTML, like Gecko) Chrome/65.0.3325.181 Safari/537.36',
  'upgrade-insecure-requests' => '1',
  'cache-control' => 'max-age=0',
  'connection' => 'keep-alive',
  'host' => 'tp5.com',
  'content-length' => '',
  'content-type' => '',
)
[ info ] [ PARAM ] array (
)
[ info ] [ RUN ] app\index\controller\Index->index[ F:\testStudy\tp5\application\index\controller\Index.php ]
[ info ] [ VIEW ] F:\testStudy\tp5\public/../application/index\view\index\index.html [ array (
) ]
[ info ] [ LOG ] INIT File
---------------------------------------------------------------
[ 2018-04-18T09:17:39+08:00 ] 127.0.0.1 GET /index/index/hello
[ info ] tp5.com/index/index/hello [运行时间：0.032002s][吞吐率：31.25req/s] [内存消耗：1,382.31kb] [文件加载：45]
[ info ] [ LANG ] F:\testStudy\tp5\thinkphp\lang\zh-cn.php
[ info ] [ ROUTE ] array (
  'type' => 'module',
  'module' => 
  array (
    0 => 'index',
    1 => 'index',
    2 => 'hello',
  ),
)
[ info ] [ HEADER ] array (
  'accept-language' => 'zh-CN,zh;q=0.9',
  'accept-encoding' => 'gzip, deflate',
  'accept' => 'text/html,application/xhtml+xml,application/xml;q=0.9,image/webp,image/apng,*/*;q=0.8',
  'user-agent' => 'Mozilla/5.0 (Windows NT 6.1; Win64; x64) AppleWebKit/537.36 (KHTML, like Gecko) Chrome/65.0.3325.181 Safari/537.36',
  'upgrade-insecure-requests' => '1',
  'connection' => 'keep-alive',
  'host' => 'tp5.com',
  'content-length' => '',
  'content-type' => '',
)
[ info ] [ PARAM ] array (
  'index/index/hello' => '',
)
[ info ] [ RUN ] app\index\controller\Index->hello[ F:\testStudy\tp5\application\index\controller\Index.php ]
[ info ] [ VIEW ] F:\testStudy\tp5\public/../application/index\view\index\hello.html [ array (
  0 => 'name',
) ]
[ info ] [ LOG ] INIT File
---------------------------------------------------------------
[ 2018-04-18T14:31:06+08:00 ] 127.0.0.1 GET /index/index/hello
[ info ] tp5.com/index/index/hello [运行时间：0.030001s][吞吐率：33.33req/s] [内存消耗：1,269.74kb] [文件加载：43]
[ info ] [ LANG ] F:\testStudy\tp5\thinkphp\lang\zh-cn.php
[ info ] [ ROUTE ] array (
  'type' => 'module',
  'module' => 
  array (
    0 => 'index',
    1 => 'index',
    2 => 'hello',
  ),
)
[ info ] [ HEADER ] array (
  'accept-language' => 'zh-CN,zh;q=0.9',
  'accept-encoding' => 'gzip, deflate',
  'accept' => 'text/html,application/xhtml+xml,application/xml;q=0.9,image/webp,image/apng,*/*;q=0.8',
  'user-agent' => 'Mozilla/5.0 (Windows NT 6.1; Win64; x64) AppleWebKit/537.36 (KHTML, like Gecko) Chrome/65.0.3325.181 Safari/537.36',
  'upgrade-insecure-requests' => '1',
  'cache-control' => 'max-age=0',
  'connection' => 'keep-alive',
  'host' => 'tp5.com',
  'content-length' => '',
  'content-type' => '',
)
[ info ] [ PARAM ] array (
  'index/index/hello' => '',
)
[ info ] [ RUN ] app\index\controller\Index->hello[ F:\testStudy\tp5\application\index\controller\Index.php ]
[ info ] [ VIEW ] F:\testStudy\tp5\public/../application/index\view\index\hello.html [ array (
  0 => 'name',
) ]
[ info ] [ LOG ] INIT File
